#
# There is insufficient memory for the Java Runtime Environment to continue.
# Native memory allocation (malloc) failed to allocate 1048576 bytes for AllocateHeap
# Possible reasons:
#   The system is out of physical RAM or swap space
#   The process is running with CompressedOops enabled, and the Java Heap may be blocking the growth of the native heap
# Possible solutions:
#   Reduce memory load on the system
#   Increase physical memory or swap space
#   Check if swap backing store is full
#   Decrease Java heap size (-Xmx/-Xms)
#   Decrease number of Java threads
#   Decrease Java thread stack sizes (-Xss)
#   Set larger code cache with -XX:ReservedCodeCacheSize=
#   JVM is running with Unscaled Compressed Oops mode in which the Java heap is
#     placed in the first 4GB address space. The Java Heap base address is the
#     maximum limit for the native heap growth. Please use -XX:HeapBaseMinAddress
#     to set the Java Heap base and to place the Java Heap above 4GB virtual address.
# This output file may be truncated or incomplete.
#
#  Out of Memory Error (t:/workspace/open/src/hotspot/share/memory/allocation.cpp:46), pid=6472, tid=8980
#
# JRE version: OpenJDK Runtime Environment (11.0+28) (build 11+28)
# Java VM: OpenJDK 64-Bit Server VM (11+28, mixed mode, tiered, compressed oops, g1 gc, windows-amd64)
# No core dump will be written. Minidumps are not enabled by default on client versions of Windows
#

---------------  S U M M A R Y ------------

Command Line: -Dorg.gradle.appname=gradlew org.gradle.wrapper.GradleWrapperMain -q -Ptarget-platform=android-arm64 -Ptarget=C:\Users\Amine\Documents\vs\Flutter Password Generator\flutter_pw_gen\lib\main.dart -Ptrack-widget-creation=true -Pfilesystem-scheme=org-dartlang-root -Pdart-defines=flutter.inspector.structuredErrors%3Dtrue assembleDebug

Host: Intel(R) Core(TM) i5-5300U CPU @ 2.30GHz, 4 cores, 7G,  Windows 10 , 64 bit Build 19041 (10.0.19041.292)
Time: Sun Oct 18 15:05:18 2020 Afr. centrale Ouest elapsed time: 1 seconds (0d 0h 0m 1s)

---------------  T H R E A D  ---------------

Current thread (0x000001e54d618800):  VMThread "VM Thread" [stack: 0x00000086a7d00000,0x00000086a7e00000] [id=8980]

Stack: [0x00000086a7d00000,0x00000086a7e00000]
[error occurred during error reporting (printing stack bounds), id 0xc0000005, EXCEPTION_ACCESS_VIOLATION (0xc0000005) at pc=0x000001e536e90bad]

Native frames: (J=compiled Java code, j=interpreted, Vv=VM code, C=native code)
V  [jvm.dll+0x63adaa]
V  [jvm.dll+0x77852f]
V  [jvm.dll+0x779b18]
V  [jvm.dll+0x77a135]
V  [jvm.dll+0x77a0eb]
V  [jvm.dll+0x63a4a6]
V  [jvm.dll+0x63a878]
C  [ntdll.dll+0xa111f]
C  [ntdll.dll+0x4b474]
C  [ntdll.dll+0x9fc4e]
C  0x000001e536e90bad

VM_Operation (0x00000086a77f5e30): CollectForMetadataAllocation, mode: safepoint, requested by thread 0x000001e52eb18000


---------------  P R O C E S S  ---------------

Threads class SMR info:
_java_thread_list=0x000001e54e52cc10, length=10, elements={
0x000001e52eb18000, 0x000001e54d61d000, 0x000001e54d649000, 0x000001e54d65d800,
0x000001e54d65e800, 0x000001e54d661000, 0x000001e54d664800, 0x000001e54d66d800,
0x000001e54e54f000, 0x000001e54e55c000
}

Java Threads: ( => current thread )
  0x000001e52eb18000 JavaThread "main" [_thread_blocked, id=11304, stack(0x00000086a7700000,0x00000086a7800000)]
  0x000001e54d61d000 JavaThread "Reference Handler" daemon [_thread_blocked, id=14080, stack(0x00000086a7e00000,0x00000086a7f00000)]
  0x000001e54d649000 JavaThread "Finalizer" daemon [_thread_blocked, id=7268, stack(0x00000086a7f00000,0x00000086a8000000)]
  0x000001e54d65d800 JavaThread "Signal Dispatcher" daemon [_thread_blocked, id=3596, stack(0x00000086a8000000,0x00000086a8100000)]
  0x000001e54d65e800 JavaThread "Attach Listener" daemon [_thread_blocked, id=13040, stack(0x00000086a8100000,0x00000086a8200000)]
  0x000001e54d661000 JavaThread "C2 CompilerThread0" daemon [_thread_blocked, id=9100, stack(0x00000086a8200000,0x00000086a8300000)]
  0x000001e54d664800 JavaThread "C1 CompilerThread0" daemon [_thread_blocked, id=9884, stack(0x00000086a8300000,0x00000086a8400000)]
  0x000001e54d66d800 JavaThread "Sweeper thread" daemon [_thread_blocked, id=5316, stack(0x00000086a8400000,0x00000086a8500000)]
  0x000001e54e54f000 JavaThread "Service Thread" daemon [_thread_blocked, id=11772, stack(0x00000086a8500000,0x00000086a8600000)]
  0x000001e54e55c000 JavaThread "Common-Cleaner" daemon [_thread_blocked, id=13772, stack(0x00000086a8700000,0x00000086a8800000)]

Other Threads:
=>0x000001e54d618800 VMThread "VM Thread" [stack: 0x00000086a7d00000,0x00000086a7e00000] [id=8980]
  0x000001e54e556000 WatcherThread [stack: 0x00000086a8600000,0x00000086a8700000] [id=14508]
  0x000001e52eb2e000 GCTaskThread "GC Thread#0" [stack: 0x00000086a7800000,0x00000086a7900000] [id=3356]
  0x000001e54e746800 GCTaskThread "GC Thread#1" [stack: 0x00000086a8800000,0x00000086a8900000] [id=8008]
  0x000001e54eeb4800 GCTaskThread "GC Thread#2" [stack: 0x00000086a8900000,0x00000086a8a00000] [id=2364]
  0x000001e52eb5f800 ConcurrentGCThread "G1 Main Marker" [stack: 0x00000086a7900000,0x00000086a7a00000] [id=14084]
  0x000001e52eb61000 ConcurrentGCThread "G1 Conc#0" [stack: 0x00000086a7a00000,0x00000086a7b00000] [id=14440]
  0x000001e52ebf1000 ConcurrentGCThread "G1 Refine#0" [stack: 0x00000086a7b00000,0x00000086a7c00000] [id=9488]
  0x000001e52ebf2800 ConcurrentGCThread "G1 Young RemSet Sampling" [stack: 0x00000086a7c00000,0x00000086a7d00000] [id=7460]

Threads with active compile tasks:
C2 CompilerThread0 735       4       java.util.regex.Matcher::match (154 bytes)

VM state:at safepoint (normal execution)

VM Mutex/Monitor currently owned by a thread:  ([mutex/lock_event])
[0x000001e52eb14d20] Threads_lock - owner thread: 0x000001e54d618800
[0x000001e52eb14e40] Heap_lock - owner thread: 0x000001e52eb18000

Heap address: 0x0000000081a00000, size: 2022 MB, Compressed Oops mode: 32-bit
Narrow klass base: 0x0000000000000000, Narrow klass shift: 3
Compressed class space size: 1073741824 Address: 0x0000000100000000

Heap:
 garbage-first heap   total 131072K, used 8153K [0x0000000081a00000, 0x0000000100000000)
  region size 1024K, 1 young (1024K), 1 survivors (1024K)
 Metaspace       used 10283K, capacity 10537K, committed 10624K, reserved 1077248K
  class space    used 1049K, capacity 1128K, committed 1152K, reserved 1048576K
Heap Regions: E=young(eden), S=young(survivor), O=old, HS=humongous(starts), HC=humongous(continues), CS=collection set, F=free, A=archive, TAMS=top-at-mark-start (previous, next)
|   0|0x0000000081a00000, 0x0000000081b00000, 0x0000000081b00000|100%| O|  |TAMS 0x0000000081a00000, 0x0000000081b00000| Untracked 
|   1|0x0000000081b00000, 0x0000000081b9c000, 0x0000000081c00000| 60%| O|  |TAMS 0x0000000081b00000, 0x0000000081b9c000| Untracked 
|   2|0x0000000081c00000, 0x0000000081c00000, 0x0000000081d00000|  0%| F|  |TAMS 0x0000000081c00000, 0x0000000081c00000| Untracked 
|   3|0x0000000081d00000, 0x0000000081e00000, 0x0000000081e00000|100%|HS|  |TAMS 0x0000000081d00000, 0x0000000081e00000| Complete 
|   4|0x0000000081e00000, 0x0000000081f00000, 0x0000000081f00000|100%|HC|  |TAMS 0x0000000081e00000, 0x0000000081f00000| Complete 
|   5|0x0000000081f00000, 0x0000000082000000, 0x0000000082000000|100%|HC|  |TAMS 0x0000000081f00000, 0x0000000082000000| Complete 
|   6|0x0000000082000000, 0x0000000082100000, 0x0000000082100000|100%| O|  |TAMS 0x0000000082000000, 0x0000000082100000| Untracked 
|   7|0x0000000082100000, 0x0000000082200000, 0x0000000082200000|100%| O|  |TAMS 0x0000000082100000, 0x0000000082200000| Untracked 
|   8|0x0000000082200000, 0x0000000082300000, 0x0000000082300000|100%| O|  |TAMS 0x0000000082200000, 0x0000000082300000| Untracked 
|   9|0x0000000082300000, 0x0000000082300000, 0x0000000082400000|  0%| F|  |TAMS 0x0000000082300000, 0x0000000082300000| Untracked 
|  10|0x0000000082400000, 0x0000000082400000, 0x0000000082500000|  0%| F|  |TAMS 0x0000000082400000, 0x0000000082400000| Untracked 
|  11|0x0000000082500000, 0x0000000082500000, 0x0000000082600000|  0%| F|  |TAMS 0x0000000082500000, 0x0000000082500000| Untracked 
|  12|0x0000000082600000, 0x0000000082600000, 0x0000000082700000|  0%| F|  |TAMS 0x0000000082600000, 0x0000000082600000| Untracked 
|  13|0x0000000082700000, 0x0000000082700000, 0x0000000082800000|  0%| F|  |TAMS 0x0000000082700000, 0x0000000082700000| Untracked 
|  14|0x0000000082800000, 0x0000000082800000, 0x0000000082900000|  0%| F|  |TAMS 0x0000000082800000, 0x0000000082800000| Untracked 
|  15|0x0000000082900000, 0x0000000082900000, 0x0000000082a00000|  0%| F|  |TAMS 0x0000000082900000, 0x0000000082900000| Untracked 
|  16|0x0000000082a00000, 0x0000000082a00000, 0x0000000082b00000|  0%| F|  |TAMS 0x0000000082a00000, 0x0000000082a00000| Untracked 
|  17|0x0000000082b00000, 0x0000000082b00000, 0x0000000082c00000|  0%| F|  |TAMS 0x0000000082b00000, 0x0000000082b00000| Untracked 
|  18|0x0000000082c00000, 0x0000000082c00000, 0x0000000082d00000|  0%| F|  |TAMS 0x0000000082c00000, 0x0000000082c00000| Untracked 
|  19|0x0000000082d00000, 0x0000000082d00000, 0x0000000082e00000|  0%| F|  |TAMS 0x0000000082d00000, 0x0000000082d00000| Untracked 
|  20|0x0000000082e00000, 0x0000000082e00000, 0x0000000082f00000|  0%| F|  |TAMS 0x0000000082e00000, 0x0000000082e00000| Untracked 
|  21|0x0000000082f00000, 0x0000000082f00000, 0x0000000083000000|  0%| F|  |TAMS 0x0000000082f00000, 0x0000000082f00000| Untracked 
|  22|0x0000000083000000, 0x0000000083000000, 0x0000000083100000|  0%| F|  |TAMS 0x0000000083000000, 0x0000000083000000| Untracked 
|  23|0x0000000083100000, 0x0000000083100000, 0x0000000083200000|  0%| F|  |TAMS 0x0000000083100000, 0x0000000083100000| Untracked 
|  24|0x0000000083200000, 0x0000000083200000, 0x0000000083300000|  0%| F|  |TAMS 0x0000000083200000, 0x0000000083200000| Untracked 
|  25|0x0000000083300000, 0x0000000083300000, 0x0000000083400000|  0%| F|  |TAMS 0x0000000083300000, 0x0000000083300000| Untracked 
|  26|0x0000000083400000, 0x0000000083400000, 0x0000000083500000|  0%| F|  |TAMS 0x0000000083400000, 0x0000000083400000| Untracked 
|  27|0x0000000083500000, 0x0000000083500000, 0x0000000083600000|  0%| F|  |TAMS 0x0000000083500000, 0x0000000083500000| Untracked 
|  28|0x0000000083600000, 0x0000000083600000, 0x0000000083700000|  0%| F|  |TAMS 0x0000000083600000, 0x0000000083600000| Untracked 
|  29|0x0000000083700000, 0x0000000083700000, 0x0000000083800000|  0%| F|  |TAMS 0x0000000083700000, 0x0000000083700000| Untracked 
|  30|0x0000000083800000, 0x0000000083800000, 0x0000000083900000|  0%| F|  |TAMS 0x0000000083800000, 0x0000000083800000| Untracked 
|  31|0x0000000083900000, 0x0000000083900000, 0x0000000083a00000|  0%| F|  |TAMS 0x0000000083900000, 0x0000000083900000| Untracked 
|  32|0x0000000083a00000, 0x0000000083a00000, 0x0000000083b00000|  0%| F|  |TAMS 0x0000000083a00000, 0x0000000083a00000| Untracked 
|  33|0x0000000083b00000, 0x0000000083b00000, 0x0000000083c00000|  0%| F|  |TAMS 0x0000000083b00000, 0x0000000083b00000| Untracked 
|  34|0x0000000083c00000, 0x0000000083c00000, 0x0000000083d00000|  0%| F|  |TAMS 0x0000000083c00000, 0x0000000083c00000| Untracked 
|  35|0x0000000083d00000, 0x0000000083d00000, 0x0000000083e00000|  0%| F|  |TAMS 0x0000000083d00000, 0x0000000083d00000| Untracked 
|  36|0x0000000083e00000, 0x0000000083e00000, 0x0000000083f00000|  0%| F|  |TAMS 0x0000000083e00000, 0x0000000083e00000| Untracked 
|  37|0x0000000083f00000, 0x0000000083f00000, 0x0000000084000000|  0%| F|  |TAMS 0x0000000083f00000, 0x0000000083f00000| Untracked 
|  38|0x0000000084000000, 0x0000000084000000, 0x0000000084100000|  0%| F|  |TAMS 0x0000000084000000, 0x0000000084000000| Untracked 
|  39|0x0000000084100000, 0x0000000084100000, 0x0000000084200000|  0%| F|  |TAMS 0x0000000084100000, 0x0000000084100000| Untracked 
|  40|0x0000000084200000, 0x0000000084200000, 0x0000000084300000|  0%| F|  |TAMS 0x0000000084200000, 0x0000000084200000| Untracked 
|  41|0x0000000084300000, 0x0000000084300000, 0x0000000084400000|  0%| F|  |TAMS 0x0000000084300000, 0x0000000084300000| Untracked 
|  42|0x0000000084400000, 0x0000000084400000, 0x0000000084500000|  0%| F|  |TAMS 0x0000000084400000, 0x0000000084400000| Untracked 
|  43|0x0000000084500000, 0x0000000084500000, 0x0000000084600000|  0%| F|  |TAMS 0x0000000084500000, 0x0000000084500000| Untracked 
|  44|0x0000000084600000, 0x0000000084600000, 0x0000000084700000|  0%| F|  |TAMS 0x0000000084600000, 0x0000000084600000| Untracked 
|  45|0x0000000084700000, 0x0000000084700000, 0x0000000084800000|  0%| F|  |TAMS 0x0000000084700000, 0x0000000084700000| Untracked 
|  46|0x0000000084800000, 0x0000000084800000, 0x0000000084900000|  0%| F|  |TAMS 0x0000000084800000, 0x0000000084800000| Untracked 
|  47|0x0000000084900000, 0x0000000084900000, 0x0000000084a00000|  0%| F|  |TAMS 0x0000000084900000, 0x0000000084900000| Untracked 
|  48|0x0000000084a00000, 0x0000000084a00000, 0x0000000084b00000|  0%| F|  |TAMS 0x0000000084a00000, 0x0000000084a00000| Untracked 
|  49|0x0000000084b00000, 0x0000000084b00000, 0x0000000084c00000|  0%| F|  |TAMS 0x0000000084b00000, 0x0000000084b00000| Untracked 
|  50|0x0000000084c00000, 0x0000000084c00000, 0x0000000084d00000|  0%| F|  |TAMS 0x0000000084c00000, 0x0000000084c00000| Untracked 
|  51|0x0000000084d00000, 0x0000000084d00000, 0x0000000084e00000|  0%| F|  |TAMS 0x0000000084d00000, 0x0000000084d00000| Untracked 
|  52|0x0000000084e00000, 0x0000000084e00000, 0x0000000084f00000|  0%| F|  |TAMS 0x0000000084e00000, 0x0000000084e00000| Untracked 
|  53|0x0000000084f00000, 0x0000000084f00000, 0x0000000085000000|  0%| F|  |TAMS 0x0000000084f00000, 0x0000000084f00000| Untracked 
|  54|0x0000000085000000, 0x0000000085000000, 0x0000000085100000|  0%| F|  |TAMS 0x0000000085000000, 0x0000000085000000| Untracked 
|  55|0x0000000085100000, 0x0000000085100000, 0x0000000085200000|  0%| F|  |TAMS 0x0000000085100000, 0x0000000085100000| Untracked 
|  56|0x0000000085200000, 0x0000000085200000, 0x0000000085300000|  0%| F|  |TAMS 0x0000000085200000, 0x0000000085200000| Untracked 
|  57|0x0000000085300000, 0x0000000085300000, 0x0000000085400000|  0%| F|  |TAMS 0x0000000085300000, 0x0000000085300000| Untracked 
|  58|0x0000000085400000, 0x0000000085400000, 0x0000000085500000|  0%| F|  |TAMS 0x0000000085400000, 0x0000000085400000| Untracked 
|  59|0x0000000085500000, 0x0000000085500000, 0x0000000085600000|  0%| F|  |TAMS 0x0000000085500000, 0x0000000085500000| Untracked 
|  60|0x0000000085600000, 0x0000000085600000, 0x0000000085700000|  0%| F|  |TAMS 0x0000000085600000, 0x0000000085600000| Untracked 
|  61|0x0000000085700000, 0x0000000085700000, 0x0000000085800000|  0%| F|  |TAMS 0x0000000085700000, 0x0000000085700000| Untracked 
|  62|0x0000000085800000, 0x0000000085800000, 0x0000000085900000|  0%| F|  |TAMS 0x0000000085800000, 0x0000000085800000| Untracked 
|  63|0x0000000085900000, 0x0000000085900000, 0x0000000085a00000|  0%| F|  |TAMS 0x0000000085900000, 0x0000000085900000| Untracked 
|  64|0x0000000085a00000, 0x0000000085a00000, 0x0000000085b00000|  0%| F|  |TAMS 0x0000000085a00000, 0x0000000085a00000| Untracked 
|  65|0x0000000085b00000, 0x0000000085b00000, 0x0000000085c00000|  0%| F|  |TAMS 0x0000000085b00000, 0x0000000085b00000| Untracked 
|  66|0x0000000085c00000, 0x0000000085c00000, 0x0000000085d00000|  0%| F|  |TAMS 0x0000000085c00000, 0x0000000085c00000| Untracked 
|  67|0x0000000085d00000, 0x0000000085d00000, 0x0000000085e00000|  0%| F|  |TAMS 0x0000000085d00000, 0x0000000085d00000| Untracked 
|  68|0x0000000085e00000, 0x0000000085e00000, 0x0000000085f00000|  0%| F|  |TAMS 0x0000000085e00000, 0x0000000085e00000| Untracked 
|  69|0x0000000085f00000, 0x0000000085f00000, 0x0000000086000000|  0%| F|  |TAMS 0x0000000085f00000, 0x0000000085f00000| Untracked 
|  70|0x0000000086000000, 0x0000000086000000, 0x0000000086100000|  0%| F|  |TAMS 0x0000000086000000, 0x0000000086000000| Untracked 
|  71|0x0000000086100000, 0x0000000086100000, 0x0000000086200000|  0%| F|  |TAMS 0x0000000086100000, 0x0000000086100000| Untracked 
|  72|0x0000000086200000, 0x0000000086200000, 0x0000000086300000|  0%| F|  |TAMS 0x0000000086200000, 0x0000000086200000| Untracked 
|  73|0x0000000086300000, 0x0000000086300000, 0x0000000086400000|  0%| F|  |TAMS 0x0000000086300000, 0x0000000086300000| Untracked 
|  74|0x0000000086400000, 0x0000000086400000, 0x0000000086500000|  0%| F|  |TAMS 0x0000000086400000, 0x0000000086400000| Untracked 
|  75|0x0000000086500000, 0x0000000086500000, 0x0000000086600000|  0%| F|  |TAMS 0x0000000086500000, 0x0000000086500000| Untracked 
|  76|0x0000000086600000, 0x0000000086600000, 0x0000000086700000|  0%| F|  |TAMS 0x0000000086600000, 0x0000000086600000| Untracked 
|  77|0x0000000086700000, 0x0000000086700000, 0x0000000086800000|  0%| F|  |TAMS 0x0000000086700000, 0x0000000086700000| Untracked 
|  78|0x0000000086800000, 0x0000000086800000, 0x0000000086900000|  0%| F|  |TAMS 0x0000000086800000, 0x0000000086800000| Untracked 
|  79|0x0000000086900000, 0x0000000086900000, 0x0000000086a00000|  0%| F|  |TAMS 0x0000000086900000, 0x0000000086900000| Untracked 
|  80|0x0000000086a00000, 0x0000000086a00000, 0x0000000086b00000|  0%| F|  |TAMS 0x0000000086a00000, 0x0000000086a00000| Untracked 
|  81|0x0000000086b00000, 0x0000000086b00000, 0x0000000086c00000|  0%| F|  |TAMS 0x0000000086b00000, 0x0000000086b00000| Untracked 
|  82|0x0000000086c00000, 0x0000000086c00000, 0x0000000086d00000|  0%| F|  |TAMS 0x0000000086c00000, 0x0000000086c00000| Untracked 
|  83|0x0000000086d00000, 0x0000000086d00000, 0x0000000086e00000|  0%| F|  |TAMS 0x0000000086d00000, 0x0000000086d00000| Untracked 
|  84|0x0000000086e00000, 0x0000000086e00000, 0x0000000086f00000|  0%| F|  |TAMS 0x0000000086e00000, 0x0000000086e00000| Untracked 
|  85|0x0000000086f00000, 0x0000000086f00000, 0x0000000087000000|  0%| F|  |TAMS 0x0000000086f00000, 0x0000000086f00000| Untracked 
|  86|0x0000000087000000, 0x0000000087000000, 0x0000000087100000|  0%| F|  |TAMS 0x0000000087000000, 0x0000000087000000| Untracked 
|  87|0x0000000087100000, 0x0000000087100000, 0x0000000087200000|  0%| F|  |TAMS 0x0000000087100000, 0x0000000087100000| Untracked 
|  88|0x0000000087200000, 0x0000000087200000, 0x0000000087300000|  0%| F|  |TAMS 0x0000000087200000, 0x0000000087200000| Untracked 
|  89|0x0000000087300000, 0x0000000087300000, 0x0000000087400000|  0%| F|  |TAMS 0x0000000087300000, 0x0000000087300000| Untracked 
|  90|0x0000000087400000, 0x0000000087400000, 0x0000000087500000|  0%| F|  |TAMS 0x0000000087400000, 0x0000000087400000| Untracked 
|  91|0x0000000087500000, 0x0000000087500000, 0x0000000087600000|  0%| F|  |TAMS 0x0000000087500000, 0x0000000087500000| Untracked 
|  92|0x0000000087600000, 0x0000000087600000, 0x0000000087700000|  0%| F|  |TAMS 0x0000000087600000, 0x0000000087600000| Untracked 
|  93|0x0000000087700000, 0x0000000087700000, 0x0000000087800000|  0%| F|  |TAMS 0x0000000087700000, 0x0000000087700000| Untracked 
|  94|0x0000000087800000, 0x0000000087800000, 0x0000000087900000|  0%| F|  |TAMS 0x0000000087800000, 0x0000000087800000| Untracked 
|  95|0x0000000087900000, 0x0000000087900000, 0x0000000087a00000|  0%| F|  |TAMS 0x0000000087900000, 0x0000000087900000| Untracked 
|  96|0x0000000087a00000, 0x0000000087a00000, 0x0000000087b00000|  0%| F|  |TAMS 0x0000000087a00000, 0x0000000087a00000| Untracked 
|  97|0x0000000087b00000, 0x0000000087b00000, 0x0000000087c00000|  0%| F|  |TAMS 0x0000000087b00000, 0x0000000087b00000| Untracked 
|  98|0x0000000087c00000, 0x0000000087c00000, 0x0000000087d00000|  0%| F|  |TAMS 0x0000000087c00000, 0x0000000087c00000| Untracked 
|  99|0x0000000087d00000, 0x0000000087d00000, 0x0000000087e00000|  0%| F|  |TAMS 0x0000000087d00000, 0x0000000087d00000| Untracked 
| 100|0x0000000087e00000, 0x0000000087e00000, 0x0000000087f00000|  0%| F|  |TAMS 0x0000000087e00000, 0x0000000087e00000| Untracked 
| 101|0x0000000087f00000, 0x0000000087f00000, 0x0000000088000000|  0%| F|  |TAMS 0x0000000087f00000, 0x0000000087f00000| Untracked 
| 102|0x0000000088000000, 0x0000000088000000, 0x0000000088100000|  0%| F|  |TAMS 0x0000000088000000, 0x0000000088000000| Untracked 
| 103|0x0000000088100000, 0x0000000088100000, 0x0000000088200000|  0%| F|  |TAMS 0x0000000088100000, 0x0000000088100000| Untracked 
| 104|0x0000000088200000, 0x0000000088200000, 0x0000000088300000|  0%| F|  |TAMS 0x0000000088200000, 0x0000000088200000| Untracked 
| 105|0x0000000088300000, 0x0000000088300000, 0x0000000088400000|  0%| F|  |TAMS 0x0000000088300000, 0x0000000088300000| Untracked 
| 106|0x0000000088400000, 0x0000000088400000, 0x0000000088500000|  0%| F|  |TAMS 0x0000000088400000, 0x0000000088400000| Untracked 
| 107|0x0000000088500000, 0x0000000088500000, 0x0000000088600000|  0%| F|  |TAMS 0x0000000088500000, 0x0000000088500000| Untracked 
| 108|0x0000000088600000, 0x0000000088600000, 0x0000000088700000|  0%| F|  |TAMS 0x0000000088600000, 0x0000000088600000| Untracked 
| 109|0x0000000088700000, 0x0000000088700000, 0x0000000088800000|  0%| F|  |TAMS 0x0000000088700000, 0x0000000088700000| Untracked 
| 110|0x0000000088800000, 0x0000000088800000, 0x0000000088900000|  0%| F|  |TAMS 0x0000000088800000, 0x0000000088800000| Untracked 
| 111|0x0000000088900000, 0x0000000088900000, 0x0000000088a00000|  0%| F|  |TAMS 0x0000000088900000, 0x0000000088900000| Untracked 
| 112|0x0000000088a00000, 0x0000000088a00000, 0x0000000088b00000|  0%| F|  |TAMS 0x0000000088a00000, 0x0000000088a00000| Untracked 
| 113|0x0000000088b00000, 0x0000000088b00000, 0x0000000088c00000|  0%| F|  |TAMS 0x0000000088b00000, 0x0000000088b00000| Untracked 
| 114|0x0000000088c00000, 0x0000000088c00000, 0x0000000088d00000|  0%| F|  |TAMS 0x0000000088c00000, 0x0000000088c00000| Untracked 
| 115|0x0000000088d00000, 0x0000000088d00000, 0x0000000088e00000|  0%| F|  |TAMS 0x0000000088d00000, 0x0000000088d00000| Untracked 
| 116|0x0000000088e00000, 0x0000000088e00000, 0x0000000088f00000|  0%| F|  |TAMS 0x0000000088e00000, 0x0000000088e00000| Untracked 
| 117|0x0000000088f00000, 0x0000000088f00000, 0x0000000089000000|  0%| F|  |TAMS 0x0000000088f00000, 0x0000000088f00000| Untracked 
| 118|0x0000000089000000, 0x0000000089000000, 0x0000000089100000|  0%| F|  |TAMS 0x0000000089000000, 0x0000000089000000| Untracked 
| 119|0x0000000089100000, 0x0000000089100000, 0x0000000089200000|  0%| F|  |TAMS 0x0000000089100000, 0x0000000089100000| Untracked 
| 120|0x0000000089200000, 0x0000000089200000, 0x0000000089300000|  0%| F|  |TAMS 0x0000000089200000, 0x0000000089200000| Untracked 
| 121|0x0000000089300000, 0x0000000089300000, 0x0000000089400000|  0%| F|  |TAMS 0x0000000089300000, 0x0000000089300000| Untracked 
| 122|0x0000000089400000, 0x0000000089400000, 0x0000000089500000|  0%| F|  |TAMS 0x0000000089400000, 0x0000000089400000| Untracked 
| 123|0x0000000089500000, 0x0000000089500000, 0x0000000089600000|  0%| F|  |TAMS 0x0000000089500000, 0x0000000089500000| Untracked 
| 124|0x0000000089600000, 0x0000000089600000, 0x0000000089700000|  0%| F|  |TAMS 0x0000000089600000, 0x0000000089600000| Untracked 
| 125|0x0000000089700000, 0x0000000089700000, 0x0000000089800000|  0%| F|  |TAMS 0x0000000089700000, 0x0000000089700000| Untracked 
| 126|0x0000000089800000, 0x000000008985a588, 0x0000000089900000| 35%| S|CS|TAMS 0x0000000089800000, 0x0000000089800000| Complete 
| 127|0x0000000089900000, 0x0000000089900000, 0x0000000089a00000|  0%| F|  |TAMS 0x0000000089900000, 0x0000000089900000| Untracked 

Card table byte_map: [0x000001e5468b0000,0x000001e546cb0000] _byte_map_base: 0x000001e5464a3000

Marking Bits (Prev, Next): (CMBitMap*) 0x000001e52eb570d8, (CMBitMap*) 0x000001e52eb57110
 Prev Bits: [0x000001e5470b0000, 0x000001e549048000)
 Next Bits: [0x000001e549050000, 0x000001e54afe8000)

Polling page: 0x000001e52ec00000

Metaspace:

Usage:
  Non-class:      9.19 MB capacity,     9.02 MB ( 98%) used,   161.16 KB (  2%) free+waste,    14.13 KB ( <1%) overhead. 
      Class:      1.10 MB capacity,     1.03 MB ( 93%) used,    73.45 KB (  7%) free+waste,     4.81 KB ( <1%) overhead. 
       Both:     10.29 MB capacity,    10.04 MB ( 98%) used,   234.61 KB (  2%) free+waste,    18.94 KB ( <1%) overhead. 

Virtual space:
  Non-class space:       28.00 MB reserved,       9.25 MB ( 33%) committed 
      Class space:        1.00 GB reserved,       1.13 MB ( <1%) committed 
             Both:        1.03 GB reserved,      10.38 MB ( <1%) committed 

Chunk freelists:
   Non-Class:  7.88 KB
       Class:  3.00 KB
        Both:  10.88 KB

CodeHeap 'non-profiled nmethods': size=120064Kb used=245Kb max_used=245Kb free=119819Kb
 bounds [0x000001e53e950000, 0x000001e53ebc0000, 0x000001e545e90000]
CodeHeap 'profiled nmethods': size=120000Kb used=1319Kb max_used=1319Kb free=118680Kb
 bounds [0x000001e537420000, 0x000001e537690000, 0x000001e53e950000]
CodeHeap 'non-nmethods': size=5696Kb used=1077Kb max_used=1095Kb free=4618Kb
 bounds [0x000001e536e90000, 0x000001e537100000, 0x000001e537420000]
 total_blobs=1305 nmethods=746 adapters=290
 compilation: enabled
              stopped_count=0, restarted_count=0
 full_count=0

Compilation events (10 events):
Event: 1.576 Thread 0x000001e54d664800  745       3       sun.reflect.generics.parser.SignatureParser::current (59 bytes)
Event: 1.577 Thread 0x000001e54d664800 nmethod 745 0x000001e537568410 code [0x000001e537568640, 0x000001e537568d80]
Event: 1.577 Thread 0x000001e54d664800  746       3       sun.reflect.generics.parser.SignatureParser::advance (53 bytes)
Event: 1.577 Thread 0x000001e54d664800 nmethod 746 0x000001e537569010 code [0x000001e5375691e0, 0x000001e537569498]
Event: 1.580 Thread 0x000001e54d664800  747       3       java.nio.charset.Charset::lookup (44 bytes)
Event: 1.581 Thread 0x000001e54d664800 nmethod 747 0x000001e537569590 code [0x000001e537569780, 0x000001e537569c10]
Event: 1.581 Thread 0x000001e54d664800  748       1       java.lang.StringCoding$StringDecoder::requestedCharsetName (5 bytes)
Event: 1.581 Thread 0x000001e54d664800 nmethod 748 0x000001e53e98b890 code [0x000001e53e98ba40, 0x000001e53e98bb58]
Event: 1.591 Thread 0x000001e54d661000 nmethod 725 0x000001e53e98bc10 code [0x000001e53e98be20, 0x000001e53e98ce70]
Event: 1.591 Thread 0x000001e54d661000  735       4       java.util.regex.Matcher::match (154 bytes)

GC Heap History (6 events):
Event: 1.332 GC heap before
{Heap before GC invocations=0 (full 0):
 garbage-first heap   total 131072K, used 19456K [0x0000000081a00000, 0x0000000100000000)
  region size 1024K, 14 young (14336K), 0 survivors (0K)
 Metaspace       used 8861K, capacity 9142K, committed 9472K, reserved 1067008K
  class space    used 849K, capacity 916K, committed 1024K, reserved 1048576K
}
Event: 1.344 GC heap after
{Heap after GC invocations=1 (full 0):
 garbage-first heap   total 131072K, used 7865K [0x0000000081a00000, 0x0000000100000000)
  region size 1024K, 2 young (2048K), 2 survivors (2048K)
 Metaspace       used 8861K, capacity 9142K, committed 9472K, reserved 1067008K
  class space    used 849K, capacity 916K, committed 1024K, reserved 1048576K
}
Event: 1.585 GC heap before
{Heap before GC invocations=1 (full 0):
 garbage-first heap   total 131072K, used 11961K [0x0000000081a00000, 0x0000000100000000)
  region size 1024K, 6 young (6144K), 2 survivors (2048K)
 Metaspace       used 10258K, capacity 10537K, committed 10624K, reserved 1069056K
  class space    used 1044K, capacity 1128K, committed 1152K, reserved 1048576K
}
Event: 1.588 GC heap after
{Heap after GC invocations=2 (full 0):
 garbage-first heap   total 131072K, used 8138K [0x0000000081a00000, 0x0000000100000000)
  region size 1024K, 1 young (1024K), 1 survivors (1024K)
 Metaspace       used 10258K, capacity 10537K, committed 10624K, reserved 1069056K
  class space    used 1044K, capacity 1128K, committed 1152K, reserved 1048576K
}
Event: 1.595 GC heap before
{Heap before GC invocations=2 (full 0):
 garbage-first heap   total 131072K, used 8138K [0x0000000081a00000, 0x0000000100000000)
  region size 1024K, 2 young (2048K), 1 survivors (1024K)
 Metaspace       used 10283K, capacity 10537K, committed 10624K, reserved 1075200K
  class space    used 1049K, capacity 1128K, committed 1152K, reserved 1048576K
}
Event: 1.597 GC heap after
{Heap after GC invocations=3 (full 0):
 garbage-first heap   total 131072K, used 8153K [0x0000000081a00000, 0x0000000100000000)
  region size 1024K, 1 young (1024K), 1 survivors (1024K)
 Metaspace       used 10283K, capacity 10537K, committed 10624K, reserved 1075200K
  class space    used 1049K, capacity 1128K, committed 1152K, reserved 1048576K
}

Deoptimization events (10 events):
Event: 0.218 Thread 0x000001e52eb18000 Uncommon trap: reason=unstable_if action=reinterpret pc=0x000001e53e955270 method=java.lang.String.hashCode()I @ 14 c2
Event: 1.006 Thread 0x000001e52eb18000 Uncommon trap: reason=class_check action=maybe_recompile pc=0x000001e53e973590 method=java.util.HashMap.putVal(ILjava/lang/Object;Ljava/lang/Object;ZZ)Ljava/lang/Object; @ 203 c2
Event: 1.257 Thread 0x000001e52eb18000 Uncommon trap: reason=class_check action=maybe_recompile pc=0x000001e53e973480 method=java.util.HashMap.putVal(ILjava/lang/Object;Ljava/lang/Object;ZZ)Ljava/lang/Object; @ 91 c2
Event: 1.257 Thread 0x000001e52eb18000 Uncommon trap: reason=class_check action=maybe_recompile pc=0x000001e53e973480 method=java.util.HashMap.putVal(ILjava/lang/Object;Ljava/lang/Object;ZZ)Ljava/lang/Object; @ 91 c2
Event: 1.258 Thread 0x000001e52eb18000 Uncommon trap: reason=class_check action=maybe_recompile pc=0x000001e53e973480 method=java.util.HashMap.putVal(ILjava/lang/Object;Ljava/lang/Object;ZZ)Ljava/lang/Object; @ 91 c2
Event: 1.551 Thread 0x000001e52eb18000 Uncommon trap: reason=unstable_if action=reinterpret pc=0x000001e53e96e6f8 method=java.util.regex.Matcher.reset()Ljava/util/regex/Matcher; @ 47 c2
Event: 1.551 Thread 0x000001e52eb18000 Uncommon trap: reason=class_check action=maybe_recompile pc=0x000001e53e96f358 method=java.util.regex.Matcher.match(II)Z @ 121 c2
Event: 1.551 Thread 0x000001e52eb18000 Uncommon trap: reason=class_check action=maybe_recompile pc=0x000001e53e96f358 method=java.util.regex.Matcher.match(II)Z @ 121 c2
Event: 1.552 Thread 0x000001e52eb18000 Uncommon trap: reason=class_check action=maybe_recompile pc=0x000001e53e96f358 method=java.util.regex.Matcher.match(II)Z @ 121 c2
Event: 1.552 Thread 0x000001e52eb18000 Uncommon trap: reason=class_check action=maybe_recompile pc=0x000001e53e96f358 method=java.util.regex.Matcher.match(II)Z @ 121 c2

Classes redefined (0 events):
No events

Internal exceptions (1 events):
Event: 0.393 Thread 0x000001e52eb18000 Exception <a 'java/lang/NoSuchMethodError'{0x000000008989d478}: java.lang.invoke.DirectMethodHandle$Holder.invokeSpecialIFC(Ljava/lang/Object;Ljava/lang/Object;I)I> (0x000000008989d478) thrown at [t:/workspace/open/src/hotspot/share/interpreter/linkResolv

Events (10 events):
Event: 1.592 loading class org/gradle/internal/nativeintegration/filesystem/FileMetadataAccessor done
Event: 1.593 loading class org/gradle/internal/os/OperatingSystem
Event: 1.593 loading class org/gradle/internal/os/OperatingSystem done
Event: 1.594 loading class net/rubygrapefruit/platform/WindowsRegistry
Event: 1.594 loading class net/rubygrapefruit/platform/WindowsRegistry done
Event: 1.594 loading class org/gradle/internal/jvm/Jvm
Event: 1.594 loading class org/gradle/internal/jvm/Jvm done
Event: 1.595 loading class org/gradle/internal/jvm/JavaInfo
Event: 1.595 loading class org/gradle/internal/jvm/JavaInfo done
Event: 1.595 Executing VM operation: CollectForMetadataAllocation


Dynamic libraries:
0x00007ff6ee0d0000 - 0x00007ff6ee115000 	C:\Program Files\Java\jdk-11\bin\java.exe
0x00007fffc6af0000 - 0x00007fffc6ce5000 	C:\WINDOWS\SYSTEM32\ntdll.dll
0x00007fffc5050000 - 0x00007fffc510d000 	C:\WINDOWS\System32\KERNEL32.DLL
0x00007fffc4260000 - 0x00007fffc4527000 	C:\WINDOWS\System32\KERNELBASE.dll
0x00007fffc6910000 - 0x00007fffc6ab0000 	C:\WINDOWS\System32\USER32.dll
0x00007fffc4650000 - 0x00007fffc4672000 	C:\WINDOWS\System32\win32u.dll
0x00007fffc4bb0000 - 0x00007fffc4bda000 	C:\WINDOWS\System32\GDI32.dll
0x00007fffc4a40000 - 0x00007fffc4b49000 	C:\WINDOWS\System32\gdi32full.dll
0x00007fffc4530000 - 0x00007fffc45cd000 	C:\WINDOWS\System32\msvcp_win.dll
0x00007fffc4680000 - 0x00007fffc4780000 	C:\WINDOWS\System32\ucrtbase.dll
0x00007fffb2ec0000 - 0x00007fffb315b000 	C:\WINDOWS\WinSxS\amd64_microsoft.windows.common-controls_6595b64144ccf1df_6.0.19041.488_none_ca04af081b815d21\COMCTL32.dll
0x00007fffc5510000 - 0x00007fffc55ae000 	C:\WINDOWS\System32\msvcrt.dll
0x00007fffc5f90000 - 0x00007fffc5fc0000 	C:\WINDOWS\System32\IMM32.DLL
0x00007fff95b40000 - 0x00007fff95b56000 	C:\Program Files\Java\jdk-11\bin\vcruntime140.dll
0x00007fff70e80000 - 0x00007fff70f2a000 	C:\Program Files\Java\jdk-11\bin\msvcp140.dll
0x00007fff603a0000 - 0x00007fff60ee1000 	C:\Program Files\Java\jdk-11\bin\server\jvm.dll
0x00007fffc6030000 - 0x00007fffc60da000 	C:\WINDOWS\System32\ADVAPI32.dll
0x00007fffc61c0000 - 0x00007fffc625b000 	C:\WINDOWS\System32\sechost.dll
0x00007fffc67e0000 - 0x00007fffc6904000 	C:\WINDOWS\System32\RPCRT4.dll
0x00007fffc5750000 - 0x00007fffc5758000 	C:\WINDOWS\System32\PSAPI.DLL
0x00007fffad800000 - 0x00007fffad809000 	C:\WINDOWS\SYSTEM32\WSOCK32.dll
0x00007fffc5fc0000 - 0x00007fffc602b000 	C:\WINDOWS\System32\WS2_32.dll
0x00007fffb6500000 - 0x00007fffb6527000 	C:\WINDOWS\SYSTEM32\WINMM.dll
0x00007fffb70e0000 - 0x00007fffb70ea000 	C:\WINDOWS\SYSTEM32\VERSION.dll
0x00007fffc2ae0000 - 0x00007fffc2af3000 	C:\WINDOWS\SYSTEM32\kernel.appcore.dll
0x00007fff94a90000 - 0x00007fff94aa1000 	C:\Program Files\Java\jdk-11\bin\verify.dll
0x00007fffc1950000 - 0x00007fffc1b34000 	C:\WINDOWS\SYSTEM32\DBGHELP.DLL
0x00007fffb4670000 - 0x00007fffb469c000 	C:\WINDOWS\SYSTEM32\dbgcore.DLL
0x00007fffc45d0000 - 0x00007fffc464f000 	C:\WINDOWS\System32\bcryptPrimitives.dll
0x00007fff8d160000 - 0x00007fff8d188000 	C:\Program Files\Java\jdk-11\bin\java.dll
0x00007fff93740000 - 0x00007fff93756000 	C:\Program Files\Java\jdk-11\bin\zip.dll
0x00007fffbb650000 - 0x00007fffbb65a000 	C:\Program Files\Java\jdk-11\bin\jimage.dll
0x00007fffc57e0000 - 0x00007fffc5f21000 	C:\WINDOWS\System32\SHELL32.dll
0x00007fffc2260000 - 0x00007fffc29f3000 	C:\WINDOWS\SYSTEM32\windows.storage.dll
0x00007fffc51a0000 - 0x00007fffc54f5000 	C:\WINDOWS\System32\combase.dll
0x00007fffc3ca0000 - 0x00007fffc3ccc000 	C:\WINDOWS\SYSTEM32\Wldp.dll
0x00007fffc6410000 - 0x00007fffc64be000 	C:\WINDOWS\System32\SHCORE.dll
0x00007fffc5f30000 - 0x00007fffc5f85000 	C:\WINDOWS\System32\shlwapi.dll
0x00007fffc4160000 - 0x00007fffc4186000 	C:\WINDOWS\SYSTEM32\profapi.dll
0x00007fff936a0000 - 0x00007fff936b9000 	C:\Program Files\Java\jdk-11\bin\net.dll
0x00007fffb7650000 - 0x00007fffb7750000 	C:\WINDOWS\SYSTEM32\WINHTTP.dll
0x00007fffc3a20000 - 0x00007fffc3a8a000 	C:\WINDOWS\system32\mswsock.dll
0x00007fff92640000 - 0x00007fff92653000 	C:\Program Files\Java\jdk-11\bin\nio.dll

dbghelp: loaded successfully - version: 4.0.5 - missing functions: none
symbol engine: initialized successfully - sym options: 0x614 - pdb path: .;C:\Program Files\Java\jdk-11\bin;C:\WINDOWS\SYSTEM32;C:\WINDOWS\WinSxS\amd64_microsoft.windows.common-controls_6595b64144ccf1df_6.0.19041.488_none_ca04af081b815d21;C:\Program Files\Java\jdk-11\bin\server

VM Arguments:
jvm_args: -Dorg.gradle.appname=gradlew 
java_command: org.gradle.wrapper.GradleWrapperMain -q -Ptarget-platform=android-arm64 -Ptarget=C:\Users\Amine\Documents\vs\Flutter Password Generator\flutter_pw_gen\lib\main.dart -Ptrack-widget-creation=true -Pfilesystem-scheme=org-dartlang-root -Pdart-defines=flutter.inspector.structuredErrors%3Dtrue assembleDebug
java_class_path (initial): C:\Users\Amine\Documents\vs\Flutter Password Generator\flutter_pw_gen\android\\gradle\wrapper\gradle-wrapper.jar
Launcher Type: SUN_STANDARD

[Global flags]
     intx CICompilerCount                          = 3                                         {product} {ergonomic}
     uint ConcGCThreads                            = 1                                         {product} {ergonomic}
     uint G1ConcRefinementThreads                  = 4                                         {product} {ergonomic}
   size_t G1HeapRegionSize                         = 1048576                                   {product} {ergonomic}
    uintx GCDrainStackTargetSize                   = 64                                        {product} {ergonomic}
   size_t InitialHeapSize                          = 134217728                                 {product} {ergonomic}
   size_t MarkStackSize                            = 4194304                                   {product} {ergonomic}
   size_t MaxHeapSize                              = 2120220672                                {product} {ergonomic}
   size_t MaxNewSize                               = 1271922688                                {product} {ergonomic}
   size_t MinHeapDeltaBytes                        = 1048576                                   {product} {ergonomic}
    uintx NonNMethodCodeHeapSize                   = 5830092                                {pd product} {ergonomic}
    uintx NonProfiledCodeHeapSize                  = 122914074                              {pd product} {ergonomic}
    uintx ProfiledCodeHeapSize                     = 122914074                              {pd product} {ergonomic}
    uintx ReservedCodeCacheSize                    = 251658240                              {pd product} {ergonomic}
     bool SegmentedCodeCache                       = true                                      {product} {ergonomic}
     bool UseCompressedClassPointers               = true                                 {lp64_product} {ergonomic}
     bool UseCompressedOops                        = true                                 {lp64_product} {ergonomic}
     bool UseG1GC                                  = true                                      {product} {ergonomic}
     bool UseLargePagesIndividualAllocation        = false                                  {pd product} {ergonomic}

Logging:
Log output configuration:
 #0: stdout all=warning uptime,level,tags
 #1: stderr all=off uptime,level,tags

Environment Variables:
JAVA_HOME=C:\Program Files\Java\jdk-11
CLASSPATH=C:\Users\Amine\Documents\vs\Flutter Password Generator\flutter_pw_gen\android\\gradle\wrapper\gradle-wrapper.jar
PATH=C:\Program Files (x86)\Embarcadero\Studio\20.0\bin;C:\Users\Public\Documents\Embarcadero\Studio\20.0\Bpl;C:\Program Files (x86)\Embarcadero\Studio\20.0\bin64;C:\Users\Public\Documents\Embarcadero\Studio\20.0\Bpl\Win64;C:\Program Files (x86)\Common Files\Oracle\Java\javapath;C:\WINDOWS\system32;C:\WINDOWS;C:\WINDOWS\System32\Wbem;C:\WINDOWS\System32\WindowsPowerShell\v1.0\;C:\WINDOWS\System32\OpenSSH\;C:\Program Files\Microsoft SQL Server\120\DTS\Binn\;C:\Program Files\Microsoft SQL Server\Client SDK\ODBC\110\Tools\Binn\;C:\Program Files (x86)\Microsoft SQL Server\120\Tools\Binn\;C:\Program Files\Microsoft SQL Server\120\Tools\Binn\;C:\Program Files (x86)\Microsoft SQL Server\120\Tools\Binn\ManagementStudio\;C:\Program Files (x86)\Microsoft SQL Server\120\DTS\Binn\;C:\Program Files\Microsoft SQL Server\130\Tools\Binn\;C:\Program Files\Microsoft SQL Server\Client SDK\ODBC\170\Tools\Binn\;C:\Program Files\nodejs\;C:\Program Files\dotnet\;C:\Program Files\Git\cmd;C:\Program Files\MySQL\MySQL Shell 8.0\bin\;C:\Users\Amine\AppData\Local\Programs\Python\Python38-32\Scripts\;C:\Users\Amine\AppData\Local\Programs\Python\Python38-32\;C:\Users\Amine\AppData\Local\Microsoft\WindowsApps;C:\Program Files\JetBrains\IntelliJ IDEA Community Edition 2019.3.1\bin;C:\Program Files\Java\jdk-11\bin;C:\Program Files\JetBrains\PyCharm Community Edition 2020.1\bin;C:\Users\Amine\.dotnet\tools;C:\Program Files\JetBrains\IntelliJ IDEA 2020.1.1\bin;;C:\Users\Amine\AppData\Local\Programs\Microsoft VS Code\bin;C:\Program Files\JetBrains\PyCharm Community Edition 2020.1.2\bin;;C:\Program Files\JetBrains\PyCharm 2020.1.2\bin;;C:\Users\Amine\AppData\Local\Microsoft\WindowsApps;C:\Program Files (x86)\Tesseract-OCR;C:\Users\Amine\AppData\Roaming\npm;C:\Users\Amine\.dotnet\tools;C:\Program Files\Java\gradle-6.6.1-bin\gradle-6.6.1\bin;C:\Program Files\Java\apache-maven-3.6.3\bin;C:\src\flutter\bin;;C:\src\flutter\bin\mingit\cmd
USERNAME=Amine
OS=Windows_NT
PROCESSOR_IDENTIFIER=Intel64 Family 6 Model 61 Stepping 4, GenuineIntel



---------------  S Y S T E M  ---------------

OS: Windows 10 , 64 bit Build 19041 (10.0.19041.292)

CPU:total 4 (initial active 4) (2 cores per cpu, 2 threads per core) family 6 model 61 stepping 4, cmov, cx8, fxsr, mmx, sse, sse2, sse3, ssse3, sse4.1, sse4.2, popcnt, avx, avx2, aes, clmul, erms, rtm, 3dnowpref, lzcnt, ht, tsc, tscinvbit, bmi1, bmi2, adx, fma

Memory: 4k page, system-wide physical 8080M (880M free)
TotalPageFile size 9986M (AvailPageFile size 0M)
current process WorkingSet (physical memory assigned to process): 68M, peak: 68M
current process commit charge ("private bytes"): 208M, peak: 209M

vm_info: OpenJDK 64-Bit Server VM (11+28) for windows-amd64 JRE (11+28), built on Aug 23 2018 03:04:58 by "mach5one" with MS VC++ 15.5 (VS2017)

END.
